==== AI SESSION HEADER ====
Task:        DEVOPS_AI_TASK_LOG_SYNC_HELPER_RECOVERY_TIME_FIX
Objective:   Fix Sync-AITaskLogsToGitHub recovered header timestamp so it always pairs <= summary time.
Constraints: PowerShell-only.
No background agents.
Recovered header must be stamped <= chosen summary time.

Windows:     Windows 10 Home
WinVersion:  2009
OS Build:    26200
PowerShell:  5.1.26100.7705
Start:       02/03/2026 18:26:02

ExecutionPolicy (all scopes):

        Scope ExecutionPolicy
        ----- ---------------
      Process          Bypass
  CurrentUser       Undefined
 LocalMachine       Undefined
   UserPolicy       Undefined
MachinePolicy       Undefined



==========================
