==== AI SESSION SUMMARY ====
Task:            DEVOPS_WSL_TOOLCHAIN
End:             02/03/2026 12:44:39

Actions performed:
Updated Ubuntu packages.
Installed build-essential and core utilities.
Installed Git (Linux).
Installed Python3, pip, and venv tooling.
Installed Node.js LTS and npm.
Installed Go toolchain.

System changes made:
Linux packages installed inside Ubuntu WSL.
No Windows-side changes.

Risks introduced:
Increased disk usage inside WSL.
Package versions follow Ubuntu repos / NodeSource.

Rollback notes:
Remove packages (inside WSL):
sudo apt remove -y build-essential git python3-pip python3-venv nodejs golang-go
Or reset distro entirely:
wsl.exe --unregister Ubuntu

Outstanding issues / next steps:
Next options:
- DEVOPS_DOCKER (Docker Desktop + WSL integration)
- DEVOPS_WSL_HARDEN (.wslconfig limits, interop tuning)
- DEVOPS_LANG (language-specific setups: Node/Python/Go/Rust)
- DONE
============================
