==== AI SESSION HEADER ====
Task:        DEVOPS_GIT_BOOTSTRAP_WORK_REPO
Objective:   Create initial structure and first signed commit in work GitHub repo.
Constraints: PowerShell-only. User-scope Git. SSH signing enforced.
Windows: Windows 10 Home 2009 (Build 26200)
PowerShell: 5.1.26100.7705
Git: git version 2.52.0.windows.1

Windows:     Windows 10 Home
WinVersion:  2009
OS Build:    26200
PowerShell:  5.1.26100.7705
Start:       02/03/2026 16:32:50

ExecutionPolicy (all scopes):

        Scope ExecutionPolicy
        ----- ---------------
      Process          Bypass
  CurrentUser       Undefined
 LocalMachine       Undefined
   UserPolicy       Undefined
MachinePolicy       Undefined



==========================
