==== AI SESSION HEADER ====
Task:        DEVOPS_GIT_WORKFLOWS
Objective:   Establish baseline Git workflows: branch/PR/release conventions + reusable repo templates + helper aliases (no remote changes).
Constraints: PowerShell-only orchestration. No external downloads. No remote/admin changes. User-scope Git config only where needed. Logs authoritative.
Windows: Windows 10 Home 2009 (Build 26200)
PowerShell: 5.1.26100.7705
Git: git version 2.52.0.windows.1

Windows:     Windows 10 Home
WinVersion:  2009
OS Build:    26200
PowerShell:  5.1.26100.7705
Start:       02/03/2026 14:20:08

ExecutionPolicy (all scopes):

        Scope ExecutionPolicy
        ----- ---------------
      Process          Bypass
  CurrentUser       Undefined
 LocalMachine       Undefined
   UserPolicy       Undefined
MachinePolicy       Undefined



==========================
