==== AI SESSION SUMMARY ====
Task:            DEVOPS_GIT_SIGNING
End:             02/03/2026 14:14:25

Actions performed:
Configured Git signing using SSH (gpg.format=ssh) with a dedicated ed25519 key.
Created/reused signing key: C:\Users\TimmseysTech\.ssh\id_ed25519_git_sign and public key: C:\Users\TimmseysTech\.ssh\id_ed25519_git_sign.pub
Generated/updated allowed_signers: C:\Users\TimmseysTech\.ssh\allowed_signers
Enabled signing: commit.gpgsign=true, tag.gpgsign=true
Validated via disposable repo: signed commit + git log --show-signature

System changes made:
User-scope Git config updated (C:\Users\TimmseysTech\.gitconfig): SSH signing settings + signing enabled.
Files created/updated under: C:\Users\TimmseysTech\.ssh (private/public key + allowed_signers).

Risks introduced:
Private key material stored at: C:\Users\TimmseysTech\.ssh\id_ed25519_git_sign (protect filesystem permissions + don't share).
Global signing enforced; commits/tags will be signed by default.

Rollback notes:
Unset Git keys:
git config --global --unset-all gpg.format
git config --global --unset-all user.signingkey
git config --global --unset-all gpg.ssh.allowedSignersFile
git config --global --unset-all commit.gpgsign
git config --global --unset-all tag.gpgsign
git config --global --unset-all log.showSignature

Remove key material:
Remove-Item -Force C:\Users\TimmseysTech\.ssh\id_ed25519_git_sign,C:\Users\TimmseysTech\.ssh\id_ed25519_git_sign.pub,C:\Users\TimmseysTech\.ssh\allowed_signers

Outstanding issues / next steps:
Add the printed public key to your Git provider as an SSH SIGNING key (and optionally as an auth key if desired).
Optional follow-ons:
- DEVOPS_GIT_SSH_MULTIKEY
- DEVOPS_GIT_WORKFLOWS
============================
